\BOOKMARK [0][-]{chapter.1}{\376\377\000I\000N\000T\000R\000O\000D\000U\000C\000T\000I\000O\000N}{}% 1
\BOOKMARK [1][-]{section.1.1}{\376\377\000D\000a\000t\000a\000s\000e\000t\000\040\000a\000n\000d\000\040\000M\000o\000d\000e\000l\000\040\000I\000m\000p\000l\000e\000m\000e\000n\000t\000a\000t\000i\000o\000n}{chapter.1}% 2
\BOOKMARK [1][-]{section.1.2}{\376\377\000T\000h\000e\000\040\000T\000w\000o\000\040\000R\000e\000s\000e\000a\000r\000c\000h\000\040\000P\000a\000r\000t\000s\000\040\000a\000n\000d\000\040\000D\000i\000f\000f\000e\000r\000e\000n\000t\000\040\000S\000c\000e\000n\000a\000r\000i\000o\000s}{chapter.1}% 3
\BOOKMARK [1][-]{section.1.3}{\376\377\000T\000r\000a\000i\000n\000i\000n\000g\000\040\000a\000n\000d\000\040\000R\000e\000s\000u\000l\000t\000s}{chapter.1}% 4
\BOOKMARK [0][-]{chapter.2}{\376\377\000C\000O\000N\000V\000O\000L\000U\000T\000I\000O\000N\000A\000L\000\040\000N\000E\000U\000R\000A\000L\000\040\000N\000E\000T\000W\000O\000R\000K}{}% 5
\BOOKMARK [-1][-]{part.1}{\376\377\000I\000\040\000P\000A\000R\000T\000\040\000A\000:\000\040\000S\000I\000N\000G\000L\000E\000-\000T\000A\000S\000K\000\040\000L\000E\000A\000R\000N\000I\000N\000G}{}% 6
\BOOKMARK [0][-]{chapter.3}{\376\377\000S\000C\000E\000N\000A\000R\000I\000O\000\040\0001\000:\000\040\000B\000A\000S\000E\000L\000I\000N\000E\000\040\000-\000\040\000N\000O\000R\000M\000A\000L\000\040\000C\000O\000L\000O\000U\000R\000E\000D\000\040\000I\000M\000A\000G\000E\000S}{part.1}% 7
\BOOKMARK [1][-]{section.3.1}{\376\377\000I\000n\000t\000r\000o\000d\000u\000c\000t\000i\000o\000n}{chapter.3}% 8
\BOOKMARK [1][-]{section.3.2}{\376\377\000C\000o\000n\000f\000i\000g\000u\000r\000a\000t\000i\000o\000n}{chapter.3}% 9
\BOOKMARK [1][-]{section.3.3}{\376\377\000R\000e\000s\000u\000l\000t\000s\000\040\000a\000n\000d\000\040\000A\000n\000a\000l\000y\000s\000i\000s}{chapter.3}% 10
\BOOKMARK [2][-]{subsection.3.3.1}{\376\377\000O\000v\000e\000r\000a\000l\000l\000\040\000P\000e\000r\000f\000o\000r\000m\000a\000n\000c\000e\000\040\000M\000e\000t\000r\000i\000c\000s}{section.3.3}% 11
\BOOKMARK [2][-]{subsection.3.3.2}{\376\377\000P\000e\000r\000\040\000C\000l\000a\000s\000s\000\040\000P\000e\000r\000f\000o\000r\000m\000a\000n\000c\000e\000\040\000A\000n\000a\000l\000y\000s\000i\000s}{section.3.3}% 12
\BOOKMARK [1][-]{section.3.4}{\376\377\000C\000o\000n\000f\000u\000s\000i\000o\000n\000\040\000M\000a\000t\000r\000i\000x\000\040\000A\000n\000a\000l\000y\000s\000i\000s}{chapter.3}% 13
\BOOKMARK [1][-]{section.3.5}{\376\377\000R\000O\000C\000\040\000C\000u\000r\000v\000e\000\040\000A\000n\000a\000l\000y\000s\000i\000s\000\040\000a\000n\000d\000\040\000A\000U\000C\000\040\000S\000c\000o\000r\000e\000s}{chapter.3}% 14
\BOOKMARK [1][-]{section.3.6}{\376\377\000T\000r\000a\000i\000n\000i\000n\000g\000\040\000H\000i\000s\000t\000o\000r\000y\000\040\000a\000n\000d\000\040\000C\000o\000n\000v\000e\000r\000g\000e\000n\000c\000e\000\040\000A\000n\000a\000l\000y\000s\000i\000s}{chapter.3}% 15
\BOOKMARK [2][-]{subsection.3.6.1}{\376\377\000C\000o\000n\000v\000e\000r\000g\000e\000n\000c\000e\000\040\000D\000y\000n\000a\000m\000i\000c\000s}{section.3.6}% 16
\BOOKMARK [2][-]{subsection.3.6.2}{\376\377\000L\000o\000s\000s\000\040\000R\000e\000d\000u\000c\000t\000i\000o\000n\000\040\000D\000y\000n\000a\000m\000i\000c\000s}{section.3.6}% 17
\BOOKMARK [2][-]{subsection.3.6.3}{\376\377\000L\000e\000a\000r\000n\000i\000n\000g\000\040\000R\000a\000t\000e\000\040\000S\000c\000h\000e\000d\000u\000l\000e\000\040\000I\000m\000p\000a\000c\000t}{section.3.6}% 18
\BOOKMARK [1][-]{section.3.7}{\376\377\000C\000o\000n\000c\000l\000u\000s\000i\000o\000n}{chapter.3}% 19
\BOOKMARK [0][-]{chapter.4}{\376\377\000S\000C\000E\000N\000A\000R\000I\000O\000\040\0002\000:\000\040\000G\000R\000A\000Y\000S\000C\000A\000L\000E\000\040\000I\000M\000A\000G\000E\000S}{part.1}% 20
\BOOKMARK [1][-]{section.4.1}{\376\377\000I\000n\000t\000r\000o\000d\000u\000c\000t\000i\000o\000n}{chapter.4}% 21
\BOOKMARK [1][-]{section.4.2}{\376\377\000C\000o\000n\000f\000i\000g\000u\000r\000a\000t\000i\000o\000n}{chapter.4}% 22
\BOOKMARK [1][-]{section.4.3}{\376\377\000R\000e\000s\000u\000l\000t\000s\000\040\000a\000n\000d\000\040\000A\000n\000a\000l\000y\000s\000i\000s}{chapter.4}% 23
\BOOKMARK [2][-]{subsection.4.3.1}{\376\377\000C\000o\000n\000f\000u\000s\000i\000o\000n\000\040\000M\000a\000t\000r\000i\000x\000\040\000A\000n\000a\000l\000y\000s\000i\000s}{section.4.3}% 24
\BOOKMARK [2][-]{subsection.4.3.2}{\376\377\000R\000O\000C\000\040\000C\000u\000r\000v\000e\000\040\000A\000n\000a\000l\000y\000s\000i\000s}{section.4.3}% 25
\BOOKMARK [2][-]{subsection.4.3.3}{\376\377\000T\000r\000a\000i\000n\000i\000n\000g\000\040\000H\000i\000s\000t\000o\000r\000y}{section.4.3}% 26
\BOOKMARK [1][-]{section.4.4}{\376\377\000C\000o\000m\000p\000a\000r\000a\000t\000i\000v\000e\000\040\000A\000n\000a\000l\000y\000s\000i\000s\000\040\000w\000i\000t\000h\000\040\000S\000c\000e\000n\000a\000r\000i\000o\000\040\0001\000\040\000\050\000R\000G\000B\000\040\000B\000a\000s\000e\000l\000i\000n\000e\000\051}{chapter.4}% 27
\BOOKMARK [1][-]{section.4.5}{\376\377\000C\000o\000n\000c\000l\000u\000s\000i\000o\000n}{chapter.4}% 28
\BOOKMARK [0][-]{chapter.5}{\376\377\000S\000C\000E\000N\000A\000R\000I\000O\000\040\0003\000:\000\040\000A\000U\000G\000M\000E\000N\000T\000E\000D\000\040\000I\000M\000A\000G\000E\000S}{part.1}% 29
\BOOKMARK [1][-]{section.5.1}{\376\377\000I\000n\000t\000r\000o\000d\000u\000c\000t\000i\000o\000n}{chapter.5}% 30
\BOOKMARK [1][-]{section.5.2}{\376\377\000C\000o\000n\000f\000i\000g\000u\000r\000a\000t\000i\000o\000n}{chapter.5}% 31
\BOOKMARK [1][-]{section.5.3}{\376\377\000R\000e\000s\000u\000l\000t\000s\000\040\000a\000n\000d\000\040\000A\000n\000a\000l\000y\000s\000i\000s}{chapter.5}% 32
\BOOKMARK [2][-]{subsection.5.3.1}{\376\377\000C\000o\000n\000f\000u\000s\000i\000o\000n\000\040\000M\000a\000t\000r\000i\000x\000\040\000A\000n\000a\000l\000y\000s\000i\000s}{section.5.3}% 33
\BOOKMARK [2][-]{subsection.5.3.2}{\376\377\000R\000O\000C\000\040\000C\000u\000r\000v\000e\000\040\000A\000n\000a\000l\000y\000s\000i\000s}{section.5.3}% 34
\BOOKMARK [2][-]{subsection.5.3.3}{\376\377\000T\000r\000a\000i\000n\000i\000n\000g\000\040\000H\000i\000s\000t\000o\000r\000y}{section.5.3}% 35
\BOOKMARK [1][-]{section.5.4}{\376\377\000W\000h\000y\000\040\000A\000u\000g\000m\000e\000n\000t\000a\000t\000i\000o\000n\000\040\000R\000e\000d\000u\000c\000e\000d\000\040\000P\000e\000r\000f\000o\000r\000m\000a\000n\000c\000e}{chapter.5}% 36
\BOOKMARK [1][-]{section.5.5}{\376\377\000C\000o\000n\000c\000l\000u\000s\000i\000o\000n}{chapter.5}% 37
\BOOKMARK [-1][-]{part.2}{\376\377\000I\000I\000\040\000P\000A\000R\000T\000\040\000B\000:\000\040\000M\000U\000L\000T\000I\000-\000T\000A\000S\000K\000\040\000L\000E\000A\000R\000N\000I\000N\000G}{}% 38
\BOOKMARK [0][-]{chapter.6}{\376\377\000S\000C\000E\000N\000A\000R\000I\000O\000\040\0001\000:\000\040\000M\000U\000L\000T\000I\000-\000T\000A\000S\000K\000\040\000B\000A\000S\000E\000L\000I\000N\000E\000\040\000-\000\040\000N\000O\000R\000M\000A\000L\000\040\000C\000O\000L\000O\000U\000R\000E\000D\000\040\000I\000M\000A\000G\000E\000S}{part.2}% 39
\BOOKMARK [1][-]{section.6.1}{\376\377\000I\000n\000t\000r\000o\000d\000u\000c\000t\000i\000o\000n}{chapter.6}% 40
\BOOKMARK [1][-]{section.6.2}{\376\377\000C\000o\000n\000f\000i\000g\000u\000r\000a\000t\000i\000o\000n}{chapter.6}% 41
\BOOKMARK [1][-]{section.6.3}{\376\377\000R\000e\000s\000u\000l\000t\000s\000\040\000a\000n\000d\000\040\000A\000n\000a\000l\000y\000s\000i\000s}{chapter.6}% 42
\BOOKMARK [2][-]{subsection.6.3.1}{\376\377\000O\000v\000e\000r\000a\000l\000l\000\040\000P\000e\000r\000f\000o\000r\000m\000a\000n\000c\000e\000\040\000M\000e\000t\000r\000i\000c\000s}{section.6.3}% 43
\BOOKMARK [2][-]{subsection.6.3.2}{\376\377\000P\000e\000r\000-\000C\000l\000a\000s\000s\000\040\000P\000e\000r\000f\000o\000r\000m\000a\000n\000c\000e\000\040\000A\000n\000a\000l\000y\000s\000i\000s}{section.6.3}% 44
\BOOKMARK [1][-]{section.6.4}{\376\377\000C\000o\000n\000f\000u\000s\000i\000o\000n\000\040\000M\000a\000t\000r\000i\000x\000\040\000A\000n\000a\000l\000y\000s\000i\000s}{chapter.6}% 45
\BOOKMARK [1][-]{section.6.5}{\376\377\000R\000O\000C\000\040\000C\000u\000r\000v\000e\000\040\000A\000n\000a\000l\000y\000s\000i\000s\000\040\000a\000n\000d\000\040\000A\000U\000C\000\040\000S\000c\000o\000r\000e\000s}{chapter.6}% 46
\BOOKMARK [1][-]{section.6.6}{\376\377\000T\000r\000a\000i\000n\000i\000n\000g\000\040\000H\000i\000s\000t\000o\000r\000y\000\040\000a\000n\000d\000\040\000C\000o\000n\000v\000e\000r\000g\000e\000n\000c\000e\000\040\000A\000n\000a\000l\000y\000s\000i\000s}{chapter.6}% 47
\BOOKMARK [1][-]{section.6.7}{\376\377\000C\000o\000n\000c\000l\000u\000s\000i\000o\000n}{chapter.6}% 48
\BOOKMARK [0][-]{chapter.7}{\376\377\000S\000C\000E\000N\000A\000R\000I\000O\000\040\0002\000:\000\040\000M\000U\000L\000T\000I\000-\000T\000A\000S\000K\000\040\000G\000R\000A\000Y\000S\000C\000A\000L\000E\000\040\000I\000M\000A\000G\000E\000S}{part.2}% 49
\BOOKMARK [1][-]{section.7.1}{\376\377\000I\000n\000t\000r\000o\000d\000u\000c\000t\000i\000o\000n}{chapter.7}% 50
\BOOKMARK [1][-]{section.7.2}{\376\377\000C\000o\000n\000f\000i\000g\000u\000r\000a\000t\000i\000o\000n}{chapter.7}% 51
\BOOKMARK [1][-]{section.7.3}{\376\377\000R\000e\000s\000u\000l\000t\000s\000\040\000a\000n\000d\000\040\000A\000n\000a\000l\000y\000s\000i\000s}{chapter.7}% 52
\BOOKMARK [2][-]{subsection.7.3.1}{\376\377\000O\000v\000e\000r\000a\000l\000l\000\040\000P\000e\000r\000f\000o\000r\000m\000a\000n\000c\000e\000\040\000M\000e\000t\000r\000i\000c\000s}{section.7.3}% 53
\BOOKMARK [2][-]{subsection.7.3.2}{\376\377\000P\000e\000r\000-\000C\000l\000a\000s\000s\000\040\000P\000e\000r\000f\000o\000r\000m\000a\000n\000c\000e\000\040\000A\000n\000a\000l\000y\000s\000i\000s}{section.7.3}% 54
\BOOKMARK [1][-]{section.7.4}{\376\377\000C\000o\000n\000f\000u\000s\000i\000o\000n\000\040\000M\000a\000t\000r\000i\000x\000\040\000A\000n\000a\000l\000y\000s\000i\000s}{chapter.7}% 55
\BOOKMARK [1][-]{section.7.5}{\376\377\000R\000O\000C\000\040\000C\000u\000r\000v\000e\000\040\000A\000n\000a\000l\000y\000s\000i\000s\000\040\000a\000n\000d\000\040\000A\000U\000C\000\040\000S\000c\000o\000r\000e\000s}{chapter.7}% 56
\BOOKMARK [1][-]{section.7.6}{\376\377\000T\000r\000a\000i\000n\000i\000n\000g\000\040\000H\000i\000s\000t\000o\000r\000y\000\040\000a\000n\000d\000\040\000C\000o\000n\000v\000e\000r\000g\000e\000n\000c\000e\000\040\000A\000n\000a\000l\000y\000s\000i\000s}{chapter.7}% 57
\BOOKMARK [1][-]{section.7.7}{\376\377\000C\000o\000m\000p\000a\000r\000a\000t\000i\000v\000e\000\040\000A\000n\000a\000l\000y\000s\000i\000s\000\040\000w\000i\000t\000h\000\040\000M\000u\000l\000t\000i\000-\000T\000a\000s\000k\000\040\000S\000c\000e\000n\000a\000r\000i\000o\000\040\0001\000\040\000\050\000R\000G\000B\000\040\000B\000a\000s\000e\000l\000i\000n\000e\000\051}{chapter.7}% 58
\BOOKMARK [1][-]{section.7.8}{\376\377\000C\000o\000n\000c\000l\000u\000s\000i\000o\000n}{chapter.7}% 59
\BOOKMARK [0][-]{chapter.8}{\376\377\000S\000C\000E\000N\000A\000R\000I\000O\000\040\0003\000:\000\040\000M\000U\000L\000T\000I\000-\000T\000A\000S\000K\000\040\000A\000U\000G\000M\000E\000N\000T\000E\000D\000\040\000I\000M\000A\000G\000E\000S}{part.2}% 60
\BOOKMARK [1][-]{section.8.1}{\376\377\000I\000n\000t\000r\000o\000d\000u\000c\000t\000i\000o\000n}{chapter.8}% 61
\BOOKMARK [1][-]{section.8.2}{\376\377\000C\000o\000n\000f\000i\000g\000u\000r\000a\000t\000i\000o\000n}{chapter.8}% 62
\BOOKMARK [1][-]{section.8.3}{\376\377\000R\000e\000s\000u\000l\000t\000s\000\040\000a\000n\000d\000\040\000A\000n\000a\000l\000y\000s\000i\000s}{chapter.8}% 63
\BOOKMARK [2][-]{subsection.8.3.1}{\376\377\000O\000v\000e\000r\000a\000l\000l\000\040\000P\000e\000r\000f\000o\000r\000m\000a\000n\000c\000e\000\040\000M\000e\000t\000r\000i\000c\000s}{section.8.3}% 64
\BOOKMARK [2][-]{subsection.8.3.2}{\376\377\000P\000e\000r\000-\000C\000l\000a\000s\000s\000\040\000P\000e\000r\000f\000o\000r\000m\000a\000n\000c\000e\000\040\000A\000n\000a\000l\000y\000s\000i\000s}{section.8.3}% 65
\BOOKMARK [1][-]{section.8.4}{\376\377\000C\000o\000n\000f\000u\000s\000i\000o\000n\000\040\000M\000a\000t\000r\000i\000x\000\040\000A\000n\000a\000l\000y\000s\000i\000s}{chapter.8}% 66
\BOOKMARK [1][-]{section.8.5}{\376\377\000R\000O\000C\000\040\000C\000u\000r\000v\000e\000\040\000A\000n\000a\000l\000y\000s\000i\000s\000\040\000a\000n\000d\000\040\000A\000U\000C\000\040\000S\000c\000o\000r\000e\000s}{chapter.8}% 67
\BOOKMARK [1][-]{section.8.6}{\376\377\000T\000r\000a\000i\000n\000i\000n\000g\000\040\000H\000i\000s\000t\000o\000r\000y\000\040\000a\000n\000d\000\040\000C\000o\000n\000v\000e\000r\000g\000e\000n\000c\000e\000\040\000A\000n\000a\000l\000y\000s\000i\000s}{chapter.8}% 68
\BOOKMARK [1][-]{section.8.7}{\376\377\000W\000h\000y\000\040\000A\000u\000g\000m\000e\000n\000t\000a\000t\000i\000o\000n\000\040\000D\000e\000g\000r\000a\000d\000e\000d\000\040\000Q\000u\000a\000l\000i\000t\000y\000\040\000C\000l\000a\000s\000s\000i\000f\000i\000c\000a\000t\000i\000o\000n\000\040\000B\000u\000t\000\040\000N\000o\000t\000\040\000F\000r\000u\000i\000t\000\040\000T\000y\000p\000e\000\040\000I\000d\000e\000n\000t\000i\000f\000i\000c\000a\000t\000i\000o\000n}{chapter.8}% 69
\BOOKMARK [1][-]{section.8.8}{\376\377\000C\000o\000n\000c\000l\000u\000s\000i\000o\000n}{chapter.8}% 70
\BOOKMARK [0][-]{chapter.9}{\376\377\000C\000O\000N\000C\000L\000U\000S\000I\000O\000N}{part.2}% 71
\BOOKMARK [1][-]{section.9.1}{\376\377\000K\000e\000y\000\040\000F\000i\000n\000d\000i\000n\000g\000s\000\040\000f\000r\000o\000m\000\040\000P\000a\000r\000t\000\040\000A\000:\000\040\000S\000i\000n\000g\000l\000e\000-\000T\000a\000s\000k\000\040\000L\000e\000a\000r\000n\000i\000n\000g}{chapter.9}% 72
\BOOKMARK [1][-]{section.9.2}{\376\377\000M\000e\000t\000h\000o\000d\000o\000l\000o\000g\000i\000c\000a\000l\000\040\000C\000o\000n\000t\000r\000i\000b\000u\000t\000i\000o\000n\000s}{chapter.9}% 73
\BOOKMARK [1][-]{section.9.3}{\376\377\000P\000r\000a\000c\000t\000i\000c\000a\000l\000\040\000I\000m\000p\000l\000i\000c\000a\000t\000i\000o\000n\000s}{chapter.9}% 74
\BOOKMARK [1][-]{section.9.4}{\376\377\000M\000u\000l\000t\000i\000-\000T\000a\000s\000k\000\040\000L\000e\000a\000r\000n\000i\000n\000g\000\040\000P\000e\000r\000s\000p\000e\000c\000t\000i\000v\000e\000\040\000\050\000P\000a\000r\000t\000\040\000B\000\051}{chapter.9}% 75
\BOOKMARK [1][-]{section.9.5}{\376\377\000L\000i\000m\000i\000t\000a\000t\000i\000o\000n\000s\000\040\000a\000n\000d\000\040\000F\000u\000t\000u\000r\000e\000\040\000D\000i\000r\000e\000c\000t\000i\000o\000n\000s}{chapter.9}% 76
\BOOKMARK [1][-]{section.9.6}{\376\377\000C\000o\000n\000c\000l\000u\000d\000i\000n\000g\000\040\000R\000e\000m\000a\000r\000k\000s}{chapter.9}% 77
